<?xml version="1.0" encoding="UTF-8"?>
<!-- Generated by org.testng.reporters.JUnitReportReporter -->
<testsuite skipped="0" hostname="Admin-PC" name="p11_Aug10.Demo9" tests="3" failures="0" timestamp="2021-08-10T21:01:48 IST" time="0.004" errors="0">
  <testcase name="sendEmail" time="0.001" classname="p11_Aug10.Demo9"/>
  <system-out>
    <![CDATA[name:Chandru pin789]]>
  </system-out>
  <testcase name="sendEmail" time="0.002" classname="p11_Aug10.Demo9"/>
  <system-out>
    <![CDATA[name:Akash pin123]]>
  </system-out>
  <testcase name="sendEmail" time="0.001" classname="p11_Aug10.Demo9"/>
  <system-out>
    <![CDATA[name:Bhanu pin456]]>
  </system-out>
</testsuite> <!-- p11_Aug10.Demo9 -->
