<?xml version="1.0" encoding="UTF-8"?>
<!-- Generated by org.testng.reporters.JUnitReportReporter -->
<testsuite skipped="0" hostname="Admin-PC" name="p3.Demo2_1" tests="1" failures="0" timestamp="2021-08-11T20:26:45 IST" time="0.017" errors="0">
  <testcase name="testA" time="0.017" classname="p3.Demo2_1"/>
  <system-out>
    <![CDATA[create user
delete user]]>
  </system-out>
</testsuite> <!-- p3.Demo2_1 -->
