<?xml version="1.0" encoding="UTF-8"?>
<!-- Generated by org.testng.reporters.JUnitReportReporter -->
<testsuite skipped="0" hostname="Admin-PC" name="p11_Aug10.Demo1" tests="3" failures="0" timestamp="2021-08-11T12:37:38 IST" time="0.020" errors="0">
  <testcase name="testC" time="0.014" classname="p11_Aug10.Demo1"/>
  <system-out>
    <![CDATA[Hi test Demo3
Hi test Demo3
Hi test demo3]]>
  </system-out>
  <testcase name="testB" time="0.003" classname="p11_Aug10.Demo1"/>
  <system-out>
    <![CDATA[Hi test Demo2
Hi test Demo2
Hi test demo2]]>
  </system-out>
  <testcase name="testA" time="0.003" classname="p11_Aug10.Demo1"/>
  <system-out>
    <![CDATA[Hi test Demo1
Hi test Demo1
Hi test demo1]]>
  </system-out>
</testsuite> <!-- p11_Aug10.Demo1 -->
