<?xml version="1.0" encoding="UTF-8"?>
<!-- Generated by org.testng.reporters.JUnitReportReporter -->
<testsuite skipped="0" hostname="Admin-PC" name="p11_Aug10.Demo2" tests="3" failures="0" timestamp="2021-08-11T14:21:32 IST" time="0.024" errors="0">
  <testcase name="createuser" time="0.002" classname="p11_Aug10.Demo2"/>
  <system-out>
    <![CDATA[FN:Bhanu
Create User]]>
  </system-out>
  <testcase name="createuser" time="0.002" classname="p11_Aug10.Demo2"/>
  <system-out>
    <![CDATA[FN:Bhanu
Create User]]>
  </system-out>
  <testcase name="createuser" time="0.020" classname="p11_Aug10.Demo2"/>
  <system-out>
    <![CDATA[FN:Bhanu
Create User]]>
  </system-out>
</testsuite> <!-- p11_Aug10.Demo2 -->
