<?xml version="1.0" encoding="UTF-8"?>
<!-- Generated by org.testng.reporters.JUnitReportReporter -->
<testsuite skipped="0" hostname="Admin-PC" name="p11_Aug10.Demo4" tests="3" failures="0" timestamp="2021-08-11T12:37:21 IST" time="0.017" errors="0">
  <testcase name="sendEmail" time="0.002" classname="p11_Aug10.Demo4"/>
  <system-out>
    <![CDATA[To:prakash
Click send]]>
  </system-out>
  <testcase name="sendEmail" time="0.001" classname="p11_Aug10.Demo4"/>
  <system-out>
    <![CDATA[To:Sharath
Click send]]>
  </system-out>
  <testcase name="sendEmail" time="0.014" classname="p11_Aug10.Demo4"/>
  <system-out>
    <![CDATA[To:bhanu
Click send]]>
  </system-out>
</testsuite> <!-- p11_Aug10.Demo4 -->
