<?xml version="1.0" encoding="UTF-8"?>
<!-- Generated by org.testng.reporters.JUnitReportReporter -->
<testsuite skipped="0" hostname="Admin-PC" name="p5.Demo2" tests="1" failures="0" timestamp="2021-08-12T20:39:25 IST" time="8.010" errors="0">
  <testcase name="testA" time="8.010" classname="p5.Demo2"/>
  <system-out>
    <![CDATA[Google]]>
  </system-out>
</testsuite> <!-- p5.Demo2 -->
