<?xml version="1.0" encoding="UTF-8"?>
<!-- Generated by org.testng.reporters.JUnitReportReporter -->
<testsuite skipped="0" hostname="Admin-PC" name="p5.Demo2_1" tests="2" failures="0" timestamp="2021-08-12T21:36:40 IST" time="46.761" errors="0">
  <testcase name="testA" time="20.671" classname="p5.Demo2_1"/>
  <system-out>
    <![CDATA[Google]]>
  </system-out>
  <testcase name="testA" time="26.090" classname="p5.Demo2_1"/>
  <system-out>
    <![CDATA[Google]]>
  </system-out>
</testsuite> <!-- p5.Demo2_1 -->
