<?xml version="1.0" encoding="UTF-8"?>
<!-- Generated by org.testng.reporters.JUnitReportReporter -->
<testsuite skipped="0" hostname="Admin-PC" name="p12_Aug11.Demo2" tests="1" failures="0" timestamp="2021-08-11T20:09:04 IST" time="0.005" errors="0">
  <testcase name="test2" time="0.005" classname="p12_Aug11.Demo2"/>
  <system-out>
    <![CDATA[test2]]>
  </system-out>
</testsuite> <!-- p12_Aug11.Demo2 -->
