<?xml version="1.0" encoding="UTF-8"?>
<!-- Generated by org.testng.reporters.JUnitReportReporter -->
<testsuite skipped="0" hostname="Admin-PC" name="p12_Aug11.Demo1" tests="1" failures="0" timestamp="2021-08-11T20:09:04 IST" time="0.013" errors="0">
  <testcase name="test1" time="0.013" classname="p12_Aug11.Demo1"/>
  <system-out>
    <![CDATA[test1]]>
  </system-out>
</testsuite> <!-- p12_Aug11.Demo1 -->
