<?xml version="1.0" encoding="UTF-8"?>
<!-- Generated by org.testng.reporters.JUnitReportReporter -->
<testsuite skipped="0" hostname="Admin-PC" name="p5.Demo1" tests="1" failures="0" timestamp="2021-08-12T19:31:27 IST" time="0.014" errors="0">
  <testcase name="testA" time="0.014" classname="p5.Demo1"/>
  <system-out>
    <![CDATA[Tumkur
560085]]>
  </system-out>
</testsuite> <!-- p5.Demo1 -->
