<?xml version="1.0" encoding="UTF-8"?>
<!-- Generated by org.testng.reporters.JUnitReportReporter -->
<testsuite skipped="0" hostname="Admin-PC" name="p11_Aug10.Demo6" tests="3" failures="0" timestamp="2021-08-10T21:01:48 IST" time="0.006" errors="0">
  <testcase name="sendEmail" time="0.004" classname="p11_Aug10.Demo6"/>
  <system-out>
    <![CDATA[----
C1
C2
C3
****]]>
  </system-out>
  <testcase name="sendEmail" time="0.001" classname="p11_Aug10.Demo6"/>
  <system-out>
    <![CDATA[----
A1
A2
A3
****]]>
  </system-out>
  <testcase name="sendEmail" time="0.001" classname="p11_Aug10.Demo6"/>
  <system-out>
    <![CDATA[----
B1
B2
B3
****]]>
  </system-out>
</testsuite> <!-- p11_Aug10.Demo6 -->
