<?xml version="1.0" encoding="UTF-8"?>
<!-- Generated by org.testng.reporters.JUnitReportReporter -->
<testsuite skipped="0" hostname="Admin-PC" name="p11_Aug10.NewTest" tests="1" failures="0" timestamp="2021-08-10T21:01:48 IST" time="0.002" errors="0">
  <testcase name="f" time="0.002" classname="p11_Aug10.NewTest"/>
  <system-out>
    <![CDATA[My test Demo1 Hi
My test Demo1 bye
My test Demo1 tata]]>
  </system-out>
</testsuite> <!-- p11_Aug10.NewTest -->
