<?xml version="1.0" encoding="UTF-8"?>
<!-- Generated by org.testng.reporters.JUnitReportReporter -->
<testsuite skipped="0" hostname="Admin-PC" name="p11_Aug10.Demo5" tests="2" failures="0" timestamp="2021-08-11T14:49:44 IST" time="0.009" errors="0">
  <testcase name="sendEmail" time="0.001" classname="p11_Aug10.Demo5"/>
  <system-out>
    <![CDATA[To:Bhanu Sub:Bye id:B1]]>
  </system-out>
  <testcase name="sendEmail" time="0.008" classname="p11_Aug10.Demo5"/>
  <system-out>
    <![CDATA[To:Akash Sub:Hi id:A1]]>
  </system-out>
</testsuite> <!-- p11_Aug10.Demo5 -->
